2023-04-18 20:45:35 INFO  Log:15 - *******************************************************
2023-04-18 20:45:35 INFO  Log:16 - ********************************************************
2023-04-18 20:45:35 INFO  Log:17 - ******************This is the beginning of my Test case*******************
2023-04-18 20:45:35 INFO  Log:29 - My test Case is executing right now
2023-04-18 20:45:35 INFO  Log:34 - My test case might have some trivial issues
2023-04-18 20:46:57 INFO  Log:29 - This test case is about get completed
2023-04-18 20:46:57 INFO  Log:21 - ########################################################
2023-04-18 20:46:57 INFO  Log:22 - ########################################################
2023-04-18 20:46:57 INFO  Log:23 - ###################This test case is finished###################
2023-05-13 12:47:14 INFO  Log:15 - *******************************************************
2023-05-13 12:47:14 INFO  Log:16 - ********************************************************
2023-05-13 12:47:14 INFO  Log:17 - ******************This is the beginning of my Test case*******************
2023-05-13 12:47:14 INFO  Log:29 - My test Case is executing right now
2023-05-13 12:47:14 INFO  Log:34 - My test case might have some trivial issues
2023-05-13 12:47:15 INFO  Log:29 - This test case is about get completed
2023-05-13 12:47:15 INFO  Log:21 - ########################################################
2023-05-13 12:47:15 INFO  Log:22 - ########################################################
2023-05-13 12:47:15 INFO  Log:23 - ###################This test case is finished###################
2023-05-13 12:53:08 INFO  Log:15 - *******************************************************
2023-05-13 12:53:08 INFO  Log:16 - ********************************************************
2023-05-13 12:53:08 INFO  Log:17 - ******************This is the beginning of my Test case*******************
2023-05-13 12:53:08 INFO  Log:29 - My test Case is executing right now
2023-05-13 12:53:08 INFO  Log:34 - My test case might have some trivial issues
2023-05-13 12:53:14 INFO  Log:29 - This test case is about get completed
2023-05-13 12:53:14 INFO  Log:21 - ########################################################
2023-05-13 12:53:14 INFO  Log:22 - ########################################################
2023-05-13 12:53:14 INFO  Log:23 - ###################This test case is finished###################
2023-05-26 14:02:58 INFO  Log:15 - *******************************************************
2023-05-26 14:02:58 INFO  Log:16 - ********************************************************
2023-05-26 14:02:58 INFO  Log:17 - ******************This is the beginning of my Test case*******************
2023-05-26 14:02:58 INFO  Log:29 - My test Case is executing right now
2023-05-26 14:02:58 INFO  Log:34 - My test case might have some trivial issues
2023-05-26 14:03:00 INFO  Log:29 - This test case is about get completed
2023-05-26 14:03:00 INFO  Log:21 - ########################################################
2023-05-26 14:03:00 INFO  Log:22 - ########################################################
2023-05-26 14:03:00 INFO  Log:23 - ###################This test case is finished###################
2023-05-26 14:23:35 INFO  Log:15 - *******************************************************
2023-05-26 14:23:35 INFO  Log:16 - ********************************************************
2023-05-26 14:23:35 INFO  Log:17 - ******************This is the beginning of my Test case*******************
2023-05-26 14:23:35 INFO  Log:29 - My test Case is executing right now
2023-05-26 14:23:35 INFO  Log:34 - My test case might have some trivial issues
2023-05-26 14:23:37 INFO  Log:29 - This test case is about get completed
2023-05-26 14:23:37 INFO  Log:21 - ########################################################
2023-05-26 14:23:37 INFO  Log:22 - ########################################################
2023-05-26 14:23:37 INFO  Log:23 - ###################This test case is finished###################
2023-05-31 18:06:14 INFO  Log:15 - *******************************************************
2023-05-31 18:06:14 INFO  Log:16 - ********************************************************
2023-05-31 18:06:14 INFO  Log:17 - ******************This is the beginning of my Test case*******************
2023-05-31 18:06:14 INFO  Log:29 - My test Case is executing right now
2023-05-31 18:06:14 INFO  Log:34 - My test case might have some trivial issues
2023-05-31 18:06:21 INFO  Log:29 - This test case is about get completed
2023-05-31 18:06:21 INFO  Log:21 - ########################################################
2023-05-31 18:06:21 INFO  Log:22 - ########################################################
2023-05-31 18:06:21 INFO  Log:23 - ###################This test case is finished###################
2023-05-31 18:25:04 INFO  Log:15 - *******************************************************
2023-05-31 18:25:04 INFO  Log:16 - ********************************************************
2023-05-31 18:25:04 INFO  Log:17 - ******************This is the beginning of my Test case*******************
2023-05-31 18:25:04 INFO  Log:29 - My test Case is executing right now
2023-05-31 18:25:04 INFO  Log:34 - My test case might have some trivial issues
2023-05-31 18:25:12 INFO  Log:29 - This test case is about get completed
2023-05-31 18:25:12 INFO  Log:21 - ########################################################
2023-05-31 18:25:12 INFO  Log:22 - ########################################################
2023-05-31 18:25:12 INFO  Log:23 - ###################This test case is finished###################
2023-05-31 18:37:48 INFO  Log:15 - *******************************************************
2023-05-31 18:37:48 INFO  Log:16 - ********************************************************
2023-05-31 18:37:48 INFO  Log:17 - ******************This is the beginning of my Test case*******************
2023-05-31 18:37:48 INFO  Log:29 - My test Case is executing right now
2023-05-31 18:37:48 INFO  Log:34 - My test case might have some trivial issues
2023-05-31 18:37:55 INFO  Log:29 - This test case is about get completed
2023-05-31 18:37:55 INFO  Log:21 - ########################################################
2023-05-31 18:37:55 INFO  Log:22 - ########################################################
2023-05-31 18:37:55 INFO  Log:23 - ###################This test case is finished###################
